<?xml version="1.0" encoding="UTF-8"?>
<!-- Generated by org.testng.reporters.JUnitReportReporter -->
<testsuite hostname="Savi" failures="0" tests="2" name="com.savitha.selenium.selenium_framwork.Submitorder" time="27.682" errors="0" timestamp="2026-01-16T01:23:14 IST" skipped="0">
  <testcase classname="com.savitha.selenium.selenium_framwork.Submitorder" name="orderingproduct" time="14.254"/>
  <testcase classname="com.savitha.selenium.selenium_framwork.Submitorder" name="orderingproduct" time="13.428"/>
</testsuite> <!-- com.savitha.selenium.selenium_framwork.Submitorder -->
