<?xml version="1.0" encoding="UTF-8"?>
<!-- Generated by org.testng.reporters.JUnitXMLReporter -->
<testsuite ignored="0" hostname="Savi" failures="1" tests="1" name="Test2" time="6.195" errors="0" timestamp="2026-01-16T01:23:14 IST">
  <testcase classname="com.savitha.selenium.selenium_framwork.ErrorValidations" name="loginpagevalidation" time="1.011">
    <failure type="java.lang.AssertionError" message="expected [Incorrec email or password.] but found [Incorrect email or password.]">
      <![CDATA[java.lang.AssertionError: expected [Incorrec email or password.] but found [Incorrect email or password.]
at com.savitha.selenium.selenium_framwork.ErrorValidations.loginpagevalidation(ErrorValidations.java:19)
at java.base/java.util.ArrayList.forEach(ArrayList.java:1596)
... Removed 31 stack frames]]>
    </failure>
  </testcase> <!-- loginpagevalidation -->
</testsuite> <!-- Test2 -->
